[2021-12-22 14:31:14.922] [renderer1] [error] [Extension Host] (node:20185) [DEP0005] DeprecationWarning: Buffer() is deprecated due to security and usability issues. Please use the Buffer.alloc(), Buffer.allocUnsafe(), or Buffer.from() methods instead.
(Use `codium --trace-deprecation ...` to show where the warning was created)
[2021-12-22 14:31:30.473] [renderer1] [error] EACCES: permission denied, open '/usr/share/vscodium/resources/app/extensions/npm/package.json': Error: EACCES: permission denied, open '/usr/share/vscodium/resources/app/extensions/npm/package.json'
[2021-12-22 14:31:30.475] [renderer1] [error] EACCES: permission denied, open '/usr/share/vscodium/resources/app/extensions/json/package.json': Error: EACCES: permission denied, open '/usr/share/vscodium/resources/app/extensions/json/package.json'
[2021-12-22 14:31:30.476] [renderer1] [error] EACCES: permission denied, open '/usr/share/vscodium/resources/app/extensions/yaml/package.json': Error: EACCES: permission denied, open '/usr/share/vscodium/resources/app/extensions/yaml/package.json'
[2021-12-22 14:31:30.477] [renderer1] [error] EACCES: permission denied, open '/usr/share/vscodium/resources/app/extensions/cpp/package.json': Error: EACCES: permission denied, open '/usr/share/vscodium/resources/app/extensions/cpp/package.json'
[2021-12-22 14:31:30.478] [renderer1] [error] EACCES: permission denied, open '/usr/share/vscodium/resources/app/extensions/html-language-features/package.json': Error: EACCES: permission denied, open '/usr/share/vscodium/resources/app/extensions/html-language-features/package.json'
[2021-12-22 14:31:30.478] [renderer1] [error] EACCES: permission denied, open '/usr/share/vscodium/resources/app/extensions/json-language-features/package.json': Error: EACCES: permission denied, open '/usr/share/vscodium/resources/app/extensions/json-language-features/package.json'
[2021-12-22 14:31:30.479] [renderer1] [error] EACCES: permission denied, open '/usr/share/vscodium/resources/app/extensions/css/package.json': Error: EACCES: permission denied, open '/usr/share/vscodium/resources/app/extensions/css/package.json'
[2021-12-22 14:31:30.479] [renderer1] [error] EACCES: permission denied, open '/usr/share/vscodium/resources/app/extensions/markdown-basics/package.json': Error: EACCES: permission denied, open '/usr/share/vscodium/resources/app/extensions/markdown-basics/package.json'
[2021-12-22 14:31:30.480] [renderer1] [error] EACCES: permission denied, open '/usr/share/vscodium/resources/app/extensions/docker/package.json': Error: EACCES: permission denied, open '/usr/share/vscodium/resources/app/extensions/docker/package.json'
[2021-12-22 14:31:30.480] [renderer1] [error] EACCES: permission denied, open '/usr/share/vscodium/resources/app/extensions/javascript/package.json': Error: EACCES: permission denied, open '/usr/share/vscodium/resources/app/extensions/javascript/package.json'
[2021-12-22 14:31:30.481] [renderer1] [error] EACCES: permission denied, open '/usr/share/vscodium/resources/app/extensions/java/package.json': Error: EACCES: permission denied, open '/usr/share/vscodium/resources/app/extensions/java/package.json'
[2021-12-22 14:31:30.481] [renderer1] [error] EACCES: permission denied, open '/usr/share/vscodium/resources/app/extensions/html/package.json': Error: EACCES: permission denied, open '/usr/share/vscodium/resources/app/extensions/html/package.json'
[2021-12-22 14:31:30.483] [renderer1] [error] EACCES: permission denied, open '/usr/share/vscodium/resources/app/extensions/debug-auto-launch/package.json': Error: EACCES: permission denied, open '/usr/share/vscodium/resources/app/extensions/debug-auto-launch/package.json'
[2021-12-22 14:31:30.484] [renderer1] [error] EACCES: permission denied, open '/usr/share/vscodium/resources/app/extensions/log/package.json': Error: EACCES: permission denied, open '/usr/share/vscodium/resources/app/extensions/log/package.json'
[2021-12-22 14:31:30.484] [renderer1] [error] EACCES: permission denied, open '/usr/share/vscodium/resources/app/extensions/handlebars/package.json': Error: EACCES: permission denied, open '/usr/share/vscodium/resources/app/extensions/handlebars/package.json'
[2021-12-22 14:31:30.485] [renderer1] [error] EACCES: permission denied, open '/usr/share/vscodium/resources/app/extensions/make/package.json': Error: EACCES: permission denied, open '/usr/share/vscodium/resources/app/extensions/make/package.json'
[2021-12-22 14:31:30.485] [renderer1] [error] EACCES: permission denied, open '/usr/share/vscodium/resources/app/extensions/less/package.json': Error: EACCES: permission denied, open '/usr/share/vscodium/resources/app/extensions/less/package.json'
[2021-12-22 14:31:30.485] [renderer1] [error] EACCES: permission denied, open '/usr/share/vscodium/resources/app/extensions/go/package.json': Error: EACCES: permission denied, open '/usr/share/vscodium/resources/app/extensions/go/package.json'
[2021-12-22 14:31:30.485] [renderer1] [error] EACCES: permission denied, open '/usr/share/vscodium/resources/app/extensions/configuration-editing/package.json': Error: EACCES: permission denied, open '/usr/share/vscodium/resources/app/extensions/configuration-editing/package.json'
[2021-12-22 14:31:30.486] [renderer1] [error] EACCES: permission denied, open '/usr/share/vscodium/resources/app/extensions/bat/package.json': Error: EACCES: permission denied, open '/usr/share/vscodium/resources/app/extensions/bat/package.json'
[2021-12-22 14:31:30.486] [renderer1] [error] EACCES: permission denied, open '/usr/share/vscodium/resources/app/extensions/clojure/package.json': Error: EACCES: permission denied, open '/usr/share/vscodium/resources/app/extensions/clojure/package.json'
[2021-12-22 14:31:30.487] [renderer1] [error] EACCES: permission denied, open '/usr/share/vscodium/resources/app/extensions/emmet/package.json': Error: EACCES: permission denied, open '/usr/share/vscodium/resources/app/extensions/emmet/package.json'
[2021-12-22 14:31:30.487] [renderer1] [error] EACCES: permission denied, open '/usr/share/vscodium/resources/app/extensions/coffeescript/package.json': Error: EACCES: permission denied, open '/usr/share/vscodium/resources/app/extensions/coffeescript/package.json'
[2021-12-22 14:31:30.488] [renderer1] [error] EACCES: permission denied, open '/usr/share/vscodium/resources/app/extensions/groovy/package.json': Error: EACCES: permission denied, open '/usr/share/vscodium/resources/app/extensions/groovy/package.json'
[2021-12-22 14:31:30.488] [renderer1] [error] EACCES: permission denied, open '/usr/share/vscodium/resources/app/extensions/gulp/package.json': Error: EACCES: permission denied, open '/usr/share/vscodium/resources/app/extensions/gulp/package.json'
[2021-12-22 14:31:30.488] [renderer1] [error] EACCES: permission denied, open '/usr/share/vscodium/resources/app/extensions/grunt/package.json': Error: EACCES: permission denied, open '/usr/share/vscodium/resources/app/extensions/grunt/package.json'
[2021-12-22 14:31:30.488] [renderer1] [error] EACCES: permission denied, open '/usr/share/vscodium/resources/app/extensions/jake/package.json': Error: EACCES: permission denied, open '/usr/share/vscodium/resources/app/extensions/jake/package.json'
[2021-12-22 14:31:30.488] [renderer1] [error] EACCES: permission denied, open '/usr/share/vscodium/resources/app/extensions/shellscript/package.json': Error: EACCES: permission denied, open '/usr/share/vscodium/resources/app/extensions/shellscript/package.json'
[2021-12-22 14:31:30.489] [renderer1] [error] EACCES: permission denied, open '/usr/share/vscodium/resources/app/extensions/ini/package.json': Error: EACCES: permission denied, open '/usr/share/vscodium/resources/app/extensions/ini/package.json'
[2021-12-22 14:31:30.489] [renderer1] [error] EACCES: permission denied, open '/usr/share/vscodium/resources/app/extensions/xml/package.json': Error: EACCES: permission denied, open '/usr/share/vscodium/resources/app/extensions/xml/package.json'
[2021-12-22 14:31:30.489] [renderer1] [error] EACCES: permission denied, open '/usr/share/vscodium/resources/app/extensions/csharp/package.json': Error: EACCES: permission denied, open '/usr/share/vscodium/resources/app/extensions/csharp/package.json'
[2021-12-22 14:31:30.489] [renderer1] [error] EACCES: permission denied, open '/usr/share/vscodium/resources/app/extensions/python/package.json': Error: EACCES: permission denied, open '/usr/share/vscodium/resources/app/extensions/python/package.json'
[2021-12-22 14:31:30.489] [renderer1] [error] EACCES: permission denied, open '/usr/share/vscodium/resources/app/extensions/lua/package.json': Error: EACCES: permission denied, open '/usr/share/vscodium/resources/app/extensions/lua/package.json'
[2021-12-22 14:31:30.490] [renderer1] [error] EACCES: permission denied, open '/usr/share/vscodium/resources/app/extensions/hlsl/package.json': Error: EACCES: permission denied, open '/usr/share/vscodium/resources/app/extensions/hlsl/package.json'
[2021-12-22 14:31:30.490] [renderer1] [error] EACCES: permission denied, open '/usr/share/vscodium/resources/app/extensions/fsharp/package.json': Error: EACCES: permission denied, open '/usr/share/vscodium/resources/app/extensions/fsharp/package.json'
[2021-12-22 14:31:30.490] [renderer1] [error] EACCES: permission denied, open '/usr/share/vscodium/resources/app/extensions/typescript-basics/package.json': Error: EACCES: permission denied, open '/usr/share/vscodium/resources/app/extensions/typescript-basics/package.json'
[2021-12-22 14:31:30.490] [renderer1] [error] EACCES: permission denied, open '/usr/share/vscodium/resources/app/extensions/merge-conflict/package.json': Error: EACCES: permission denied, open '/usr/share/vscodium/resources/app/extensions/merge-conflict/package.json'
[2021-12-22 14:31:30.491] [renderer1] [error] EACCES: permission denied, open '/usr/share/vscodium/resources/app/extensions/typescript-language-features/package.json': Error: EACCES: permission denied, open '/usr/share/vscodium/resources/app/extensions/typescript-language-features/package.json'
[2021-12-22 14:31:30.491] [renderer1] [error] EACCES: permission denied, open '/usr/share/vscodium/resources/app/extensions/css-language-features/package.json': Error: EACCES: permission denied, open '/usr/share/vscodium/resources/app/extensions/css-language-features/package.json'
